Removed Pin From Net: NetName=DGND Pin=C2-1
Removed Member From Class: ClassName=car Member=C2
Added Pin To Net: NetName=DGND Pin=C1-2
Added Pin To Net: NetName=DGND Pin=C3-2
Added Pin To Net: NetName=DGND Pin=C4-2
Added Pin To Net: NetName=DGND Pin=E6-1
Added Pin To Net: NetName=DGND Pin=JP1-1
Added Pin To Net: NetName=DGND Pin=JP1-2
Added Pin To Net: NetName=DGND Pin=JP2-1
Added Pin To Net: NetName=DGND Pin=JP2-2
Added Pin To Net: NetName=DGND Pin=JP2-19
Added Pin To Net: NetName=DGND Pin=JP6-4
Added Pin To Net: NetName=DGND Pin=JP13-2
Added Pin To Net: NetName=DGND Pin=R9-1
Added Pin To Net: NetName=DGND Pin=R10-1
Added Pin To Net: NetName=DGND Pin=R11-1
Added Pin To Net: NetName=DGND Pin=R12-1
Added Pin To Net: NetName=DGND Pin=R13-1
Added Pin To Net: NetName=DGND Pin=R16-2
Added Pin To Net: NetName=DGND Pin=R17-1
Added Pin To Net: NetName=DGND Pin=U1-1
Added Pin To Net: NetName=DGND Pin=U1-9
Added Pin To Net: NetName=DGND Pin=U1-24
Added Pin To Net: NetName=DGND Pin=U1-36
Added Pin To Net: NetName=DGND Pin=U1-48
Added Pin To Net: NetName=DGND Pin=V1-2
Added Pin To Net: NetName=DGND Pin=V1-2
Change Net Name : Old Net Name=DGND New Net Name=3.3V
