Removed Pin From Net: NetName=3.3V Pin=C1-2
Removed Pin From Net: NetName=3.3V Pin=C3-2
Removed Pin From Net: NetName=3.3V Pin=C4-2
Removed Pin From Net: NetName=3.3V Pin=E6-1
Removed Pin From Net: NetName=3.3V Pin=JP1-1
Removed Pin From Net: NetName=3.3V Pin=JP1-2
Removed Pin From Net: NetName=3.3V Pin=JP2-1
Removed Pin From Net: NetName=3.3V Pin=JP2-2
Removed Pin From Net: NetName=3.3V Pin=JP2-19
Removed Pin From Net: NetName=3.3V Pin=JP6-4
Removed Pin From Net: NetName=3.3V Pin=JP13-2
Removed Pin From Net: NetName=3.3V Pin=R9-1
Removed Pin From Net: NetName=3.3V Pin=R10-1
Removed Pin From Net: NetName=3.3V Pin=R11-1
Removed Pin From Net: NetName=3.3V Pin=R12-1
Removed Pin From Net: NetName=3.3V Pin=R13-1
Removed Pin From Net: NetName=3.3V Pin=R16-2
Removed Pin From Net: NetName=3.3V Pin=R17-1
Removed Pin From Net: NetName=3.3V Pin=U1-1
Removed Pin From Net: NetName=3.3V Pin=U1-9
Removed Pin From Net: NetName=3.3V Pin=U1-24
Removed Pin From Net: NetName=3.3V Pin=U1-36
Removed Pin From Net: NetName=3.3V Pin=U1-48
Removed Pin From Net: NetName=3.3V Pin=V1-2
Removed Pin From Net: NetName=3.3V Pin=V1-2
Change Net Name : Old Net Name=3.3V New Net Name=DGND
Added Pin To Net: NetName=3.3V Pin=C1-2
Added Pin To Net: NetName=3.3V Pin=C3-2
Added Pin To Net: NetName=3.3V Pin=C4-2
Added Pin To Net: NetName=3.3V Pin=E6-1
Added Pin To Net: NetName=3.3V Pin=JP1-1
Added Pin To Net: NetName=3.3V Pin=JP1-2
Added Pin To Net: NetName=3.3V Pin=JP2-1
Added Pin To Net: NetName=3.3V Pin=JP2-2
Added Pin To Net: NetName=3.3V Pin=JP2-19
Added Pin To Net: NetName=3.3V Pin=JP6-4
Added Pin To Net: NetName=3.3V Pin=JP13-2
Added Pin To Net: NetName=3.3V Pin=R9-1
Added Pin To Net: NetName=3.3V Pin=R10-1
Added Pin To Net: NetName=3.3V Pin=R11-1
Added Pin To Net: NetName=3.3V Pin=R12-1
Added Pin To Net: NetName=3.3V Pin=R13-1
Added Pin To Net: NetName=3.3V Pin=R16-2
Added Pin To Net: NetName=3.3V Pin=R17-1
Added Pin To Net: NetName=3.3V Pin=U1-1
Added Pin To Net: NetName=3.3V Pin=U1-9
Added Pin To Net: NetName=3.3V Pin=U1-24
Added Pin To Net: NetName=3.3V Pin=U1-36
Added Pin To Net: NetName=3.3V Pin=U1-48
Added Pin To Net: NetName=3.3V Pin=V1-2
Added Pin To Net: NetName=3.3V Pin=V1-2
Added Net: Name=3.3V
