Added Component: Designator=B1(BEEP 7.6X12X9.5)
Added Component: Designator=C1(C 0805)
Added Component: Designator=C2(C 0805)
Added Component: Designator=C3(C 0805)
Added Component: Designator=C4(C 0805)
Added Component: Designator=C5(C 0805)
Added Component: Designator=C6(C 0805)
Added Component: Designator=C7(C 0805)
Added Component: Designator=C8(C 0805)
Added Component: Designator=C9(C 0805)
Added Component: Designator=C10(C 0805)
Added Component: Designator=C11(C 0805)
Added Component: Designator=C12(C 0805)
Added Component: Designator=C13(C 0805)
Added Component: Designator=E1(CAP 1.5*4*8)
Added Component: Designator=E2(CAP 1.5*4*8)
Added Component: Designator=E3(CAP 1.5*4*8)
Added Component: Designator=E4(CAP 1.5*4*8)
Added Component: Designator=E5(CS 2.0*5*8 - C)
Added Component: Designator=E6(CS 2.0*5*8 - C)
Added Component: Designator=JP1(HDR-3X2)
Added Component: Designator=JP2(IDC2.54-20P)
Added Component: Designator=JP3(HDR-1X2)
Added Component: Designator=JP4(XH2.54-6P)
Added Component: Designator=JP5(XH2.54-6P_H)
Added Component: Designator=JP6(HDR-1X5)
Added Component: Designator=JP7(HDR-1X3)
Added Component: Designator=JP8(HDR-1X2)
Added Component: Designator=JP9(HDR-1X2)
Added Component: Designator=JP10(HDR-1X2)
Added Component: Designator=JP11(HDR-1X2)
Added Component: Designator=JP12(HDR-1X2)
Added Component: Designator=JP13(HDR-1X6)
Added Component: Designator=LED1(LED 1206G)
Added Component: Designator=LED2(LED 1206G)
Added Component: Designator=LED3(LED 1206G)
Added Component: Designator=LED4(LED 1206G)
Added Component: Designator=LED5(LED 1206Y)
Added Component: Designator=LED6(LED 1206G)
Added Component: Designator=Q1(SOT23-3N)
Added Component: Designator=R1(R 1206)
Added Component: Designator=R2(R 1210)
Added Component: Designator=R3(R 1206)
Added Component: Designator=R4(R 1206)
Added Component: Designator=R5(R 0805)
Added Component: Designator=R6(R 0805)
Added Component: Designator=R7(R 1206)
Added Component: Designator=R8(R 1206)
Added Component: Designator=R9(R 1206)
Added Component: Designator=R10(R 1206)
Added Component: Designator=R11(R 1206)
Added Component: Designator=R12(R 1206)
Added Component: Designator=R13(R 1206)
Added Component: Designator=R14(R 1206)
Added Component: Designator=R15(R 0805)
Added Component: Designator=R16(R 1206)
Added Component: Designator=R17(R 1206)
Added Component: Designator=SW1(PCBComponent_1)
Added Component: Designator=U1(LQFP48 7X7_M)
Added Component: Designator=V1(SOT223_L)
Added Component: Designator=VD1(DO-41)
Added Component: Designator=VD2(DO-41)
Added Component: Designator=X1(XTAL-3X10)
Added Pin To Net: NetName=3.3V Pin=C1-2
Added Pin To Net: NetName=3.3V Pin=C2-2
Added Pin To Net: NetName=3.3V Pin=C3-2
Added Pin To Net: NetName=3.3V Pin=C4-2
Added Pin To Net: NetName=3.3V Pin=E6-1
Added Pin To Net: NetName=3.3V Pin=JP1-1
Added Pin To Net: NetName=3.3V Pin=JP1-2
Added Pin To Net: NetName=3.3V Pin=JP2-1
Added Pin To Net: NetName=3.3V Pin=JP2-2
Added Pin To Net: NetName=3.3V Pin=JP2-19
Added Pin To Net: NetName=3.3V Pin=JP6-4
Added Pin To Net: NetName=3.3V Pin=JP13-2
Added Pin To Net: NetName=3.3V Pin=R9-1
Added Pin To Net: NetName=3.3V Pin=R10-1
Added Pin To Net: NetName=3.3V Pin=R11-1
Added Pin To Net: NetName=3.3V Pin=R12-1
Added Pin To Net: NetName=3.3V Pin=R13-1
Added Pin To Net: NetName=3.3V Pin=R16-2
Added Pin To Net: NetName=3.3V Pin=R17-1
Added Pin To Net: NetName=3.3V Pin=U1-1
Added Pin To Net: NetName=3.3V Pin=U1-9
Added Pin To Net: NetName=3.3V Pin=U1-24
Added Pin To Net: NetName=3.3V Pin=U1-36
Added Pin To Net: NetName=3.3V Pin=U1-48
Added Pin To Net: NetName=3.3V Pin=V1-2
Added Pin To Net: NetName=3.3V Pin=V1-2
Added Net: Name=3.3V
Added Pin To Net: NetName=5VS Pin=C8-2
Added Pin To Net: NetName=5VS Pin=E2-1
Added Net: Name=5VS
Added Pin To Net: NetName=5V Pin=B1-1
Added Pin To Net: NetName=5V Pin=C11-1
Added Pin To Net: NetName=5V Pin=C12-1
Added Pin To Net: NetName=5V Pin=E5-1
Added Pin To Net: NetName=5V Pin=JP4-2
Added Pin To Net: NetName=5V Pin=JP5-2
Added Pin To Net: NetName=5V Pin=V1-3
Added Pin To Net: NetName=5V Pin=VD1-2
Added Net: Name=5V
Added Pin To Net: NetName=11V Pin=C7-2
Added Pin To Net: NetName=11V Pin=C9-2
Added Pin To Net: NetName=11V Pin=E1-1
Added Pin To Net: NetName=11V Pin=E3-1
Added Pin To Net: NetName=11V Pin=R14-2
Added Pin To Net: NetName=11V Pin=VD2-2
Added Net: Name=11V
Added Pin To Net: NetName=BOOT0 Pin=R1-1
Added Pin To Net: NetName=BOOT0 Pin=U1-44
Added Net: Name=BOOT0
Added Pin To Net: NetName=BOOT1 Pin=R2-2
Added Pin To Net: NetName=BOOT1 Pin=U1-20
Added Net: Name=BOOT1
Added Pin To Net: NetName=DGND Pin=C1-1
Added Pin To Net: NetName=DGND Pin=C2-1
Added Pin To Net: NetName=DGND Pin=C3-1
Added Pin To Net: NetName=DGND Pin=C4-1
Added Pin To Net: NetName=DGND Pin=C5-1
Added Pin To Net: NetName=DGND Pin=C6-1
Added Pin To Net: NetName=DGND Pin=C11-2
Added Pin To Net: NetName=DGND Pin=C12-2
Added Pin To Net: NetName=DGND Pin=E5-2
Added Pin To Net: NetName=DGND Pin=E6-2
Added Pin To Net: NetName=DGND Pin=JP1-5
Added Pin To Net: NetName=DGND Pin=JP1-6
Added Pin To Net: NetName=DGND Pin=JP2-3
Added Pin To Net: NetName=DGND Pin=JP2-4
Added Pin To Net: NetName=DGND Pin=JP2-6
Added Pin To Net: NetName=DGND Pin=JP2-8
Added Pin To Net: NetName=DGND Pin=JP2-12
Added Pin To Net: NetName=DGND Pin=JP2-18
Added Pin To Net: NetName=DGND Pin=JP2-20
Added Pin To Net: NetName=DGND Pin=JP4-5
Added Pin To Net: NetName=DGND Pin=JP5-5
Added Pin To Net: NetName=DGND Pin=JP6-5
Added Pin To Net: NetName=DGND Pin=JP13-1
Added Pin To Net: NetName=DGND Pin=LED6-2
Added Pin To Net: NetName=DGND Pin=Q1-2
Added Pin To Net: NetName=DGND Pin=R8-1
Added Pin To Net: NetName=DGND Pin=U1-8
Added Pin To Net: NetName=DGND Pin=U1-23
Added Pin To Net: NetName=DGND Pin=U1-35
Added Pin To Net: NetName=DGND Pin=U1-47
Added Pin To Net: NetName=DGND Pin=V1-1
Added Net: Name=DGND
Added Pin To Net: NetName=GND Pin=C7-1
Added Pin To Net: NetName=GND Pin=C8-1
Added Pin To Net: NetName=GND Pin=C9-1
Added Pin To Net: NetName=GND Pin=C10-1
Added Pin To Net: NetName=GND Pin=C13-1
Added Pin To Net: NetName=GND Pin=E1-2
Added Pin To Net: NetName=GND Pin=E2-2
Added Pin To Net: NetName=GND Pin=E3-2
Added Pin To Net: NetName=GND Pin=E4-2
Added Pin To Net: NetName=GND Pin=JP3-2
Added Pin To Net: NetName=GND Pin=JP7-1
Added Pin To Net: NetName=GND Pin=R3-2
Added Pin To Net: NetName=GND Pin=R4-2
Added Pin To Net: NetName=GND Pin=R15-2
Added Net: Name=GND
Added Pin To Net: NetName=JTDI Pin=JP2-5
Added Pin To Net: NetName=JTDI Pin=U1-38
Added Net: Name=JTDI
Added Pin To Net: NetName=NetA4950_7 Pin=R3-1
Added Net: Name=NetA4950_7
Added Pin To Net: NetName=NetA4950E_7 Pin=R4-1
Added Net: Name=NetA4950E_7
Added Pin To Net: NetName=NetB1_2 Pin=B1-2
Added Pin To Net: NetName=NetB1_2 Pin=Q1-3
Added Pin To Net: NetName=NetB1_2 Pin=VD1-1
Added Net: Name=NetB1_2
Added Pin To Net: NetName=NetC5_2 Pin=C5-2
Added Pin To Net: NetName=NetC5_2 Pin=U1-5
Added Pin To Net: NetName=NetC5_2 Pin=X1-2
Added Net: Name=NetC5_2
Added Pin To Net: NetName=NetC6_2 Pin=C6-2
Added Pin To Net: NetName=NetC6_2 Pin=U1-6
Added Pin To Net: NetName=NetC6_2 Pin=X1-1
Added Net: Name=NetC6_2
Added Pin To Net: NetName=NetJP1_3 Pin=JP1-3
Added Pin To Net: NetName=NetJP1_3 Pin=R1-2
Added Net: Name=NetJP1_3
Added Pin To Net: NetName=NetJP1_4 Pin=JP1-4
Added Pin To Net: NetName=NetJP1_4 Pin=R2-1
Added Net: Name=NetJP1_4
Added Pin To Net: NetName=NetJP3_1 Pin=JP3-1
Added Pin To Net: NetName=NetJP3_1 Pin=SW1-1
Added Net: Name=NetJP3_1
Added Pin To Net: NetName=NetJP8_1 Pin=JP8-1
Added Pin To Net: NetName=NetJP8_1 Pin=R9-2
Added Net: Name=NetJP8_1
Added Pin To Net: NetName=NetJP9_1 Pin=JP9-1
Added Pin To Net: NetName=NetJP9_1 Pin=R10-2
Added Net: Name=NetJP9_1
Added Pin To Net: NetName=NetJP10_1 Pin=JP10-1
Added Pin To Net: NetName=NetJP10_1 Pin=R11-2
Added Net: Name=NetJP10_1
Added Pin To Net: NetName=NetJP11_1 Pin=JP11-1
Added Pin To Net: NetName=NetJP11_1 Pin=R12-2
Added Net: Name=NetJP11_1
Added Pin To Net: NetName=NetJP12_1 Pin=JP12-1
Added Pin To Net: NetName=NetJP12_1 Pin=R13-2
Added Net: Name=NetJP12_1
Added Pin To Net: NetName=NetLED1_2 Pin=LED1-2
Added Pin To Net: NetName=NetLED1_2 Pin=LED2-1
Added Pin To Net: NetName=NetLED1_2 Pin=R5-1
Added Net: Name=NetLED1_2
Added Pin To Net: NetName=NetLED3_2 Pin=LED3-2
Added Pin To Net: NetName=NetLED3_2 Pin=LED4-1
Added Pin To Net: NetName=NetLED3_2 Pin=R6-1
Added Net: Name=NetLED3_2
Added Pin To Net: NetName=NetLED5_1 Pin=LED5-1
Added Pin To Net: NetName=NetLED5_1 Pin=R17-2
Added Net: Name=NetLED5_1
Added Pin To Net: NetName=NetLED5_2 Pin=LED5-2
Added Pin To Net: NetName=NetLED5_2 Pin=U1-18
Added Net: Name=NetLED5_2
Added Pin To Net: NetName=NetLED6_1 Pin=LED6-1
Added Pin To Net: NetName=NetLED6_1 Pin=R16-1
Added Net: Name=NetLED6_1
Added Pin To Net: NetName=NetQ1_1 Pin=Q1-1
Added Pin To Net: NetName=NetQ1_1 Pin=R7-2
Added Pin To Net: NetName=NetQ1_1 Pin=R8-2
Added Net: Name=NetQ1_1
Added Pin To Net: NetName=NetSW1_3 Pin=SW1-3
Added Pin To Net: NetName=NetSW1_3 Pin=VD2-1
Added Net: Name=NetSW1_3
Added Pin To Net: NetName=NRST Pin=JP2-15
Added Pin To Net: NetName=NRST Pin=U1-7
Added Net: Name=NRST
Added Pin To Net: NetName=O1 Pin=JP4-1
Added Pin To Net: NetName=O1 Pin=LED1-1
Added Pin To Net: NetName=O1 Pin=LED2-2
Added Net: Name=O1
Added Pin To Net: NetName=O2 Pin=JP4-6
Added Pin To Net: NetName=O2 Pin=R5-2
Added Net: Name=O2
Added Pin To Net: NetName=O3 Pin=JP5-1
Added Pin To Net: NetName=O3 Pin=LED3-1
Added Pin To Net: NetName=O3 Pin=LED4-2
Added Net: Name=O3
Added Pin To Net: NetName=O4 Pin=JP5-6
Added Pin To Net: NetName=O4 Pin=R6-2
Added Net: Name=O4
Added Pin To Net: NetName=PA0 Pin=JP5-4
Added Pin To Net: NetName=PA0 Pin=U1-10
Added Net: Name=PA0
Added Pin To Net: NetName=PA1 Pin=JP5-3
Added Pin To Net: NetName=PA1 Pin=U1-11
Added Net: Name=PA1
Added Pin To Net: NetName=PA2 Pin=JP8-2
Added Pin To Net: NetName=PA2 Pin=U1-12
Added Net: Name=PA2
Added Pin To Net: NetName=PA3 Pin=JP9-2
Added Pin To Net: NetName=PA3 Pin=U1-13
Added Net: Name=PA3
Added Pin To Net: NetName=PA4 Pin=JP10-2
Added Pin To Net: NetName=PA4 Pin=U1-14
Added Net: Name=PA4
Added Pin To Net: NetName=PA5 Pin=JP11-2
Added Pin To Net: NetName=PA5 Pin=U1-15
Added Net: Name=PA5
Added Pin To Net: NetName=PA6 Pin=JP4-4
Added Pin To Net: NetName=PA6 Pin=U1-16
Added Net: Name=PA6
Added Pin To Net: NetName=PA7 Pin=JP4-3
Added Pin To Net: NetName=PA7 Pin=U1-17
Added Net: Name=PA7
Added Pin To Net: NetName=PA8 Pin=R7-1
Added Pin To Net: NetName=PA8 Pin=U1-29
Added Net: Name=PA8
Added Pin To Net: NetName=PA9 Pin=JP12-2
Added Pin To Net: NetName=PA9 Pin=U1-30
Added Net: Name=PA9
Added Pin To Net: NetName=PA11 Pin=JP7-3
Added Pin To Net: NetName=PA11 Pin=U1-32
Added Net: Name=PA11
Added Pin To Net: NetName=PA12 Pin=JP13-6
Added Pin To Net: NetName=PA12 Pin=U1-33
Added Net: Name=PA12
Added Pin To Net: NetName=PB1 Pin=C13-2
Added Pin To Net: NetName=PB1 Pin=R14-1
Added Pin To Net: NetName=PB1 Pin=R15-1
Added Pin To Net: NetName=PB1 Pin=U1-19
Added Net: Name=PB1
Added Pin To Net: NetName=PB6 Pin=U1-42
Added Net: Name=PB6
Added Pin To Net: NetName=PB7 Pin=U1-43
Added Net: Name=PB7
Added Pin To Net: NetName=PB8 Pin=U1-45
Added Net: Name=PB8
Added Pin To Net: NetName=PB9 Pin=U1-46
Added Net: Name=PB9
Added Pin To Net: NetName=PB10 Pin=JP6-2
Added Pin To Net: NetName=PB10 Pin=U1-21
Added Net: Name=PB10
Added Pin To Net: NetName=PB11 Pin=JP6-3
Added Pin To Net: NetName=PB11 Pin=U1-22
Added Net: Name=PB11
Added Pin To Net: NetName=PB12 Pin=U1-25
Added Net: Name=PB12
Added Pin To Net: NetName=PB13 Pin=JP6-1
Added Pin To Net: NetName=PB13 Pin=JP13-5
Added Pin To Net: NetName=PB13 Pin=U1-26
Added Net: Name=PB13
Added Pin To Net: NetName=PB14 Pin=JP13-4
Added Pin To Net: NetName=PB14 Pin=U1-27
Added Net: Name=PB14
Added Pin To Net: NetName=PB15 Pin=JP13-3
Added Pin To Net: NetName=PB15 Pin=U1-28
Added Net: Name=PB15
Added Pin To Net: NetName=POWER_SERVO Pin=C10-2
Added Pin To Net: NetName=POWER_SERVO Pin=E4-1
Added Pin To Net: NetName=POWER_SERVO Pin=JP7-2
Added Net: Name=POWER_SERVO
Added Pin To Net: NetName=SWCLK Pin=JP2-9
Added Pin To Net: NetName=SWCLK Pin=U1-37
Added Net: Name=SWCLK
Added Pin To Net: NetName=SWIO Pin=JP2-7
Added Pin To Net: NetName=SWIO Pin=U1-34
Added Net: Name=SWIO
Added Pin To Net: NetName=TDO Pin=JP2-13
Added Pin To Net: NetName=TDO Pin=U1-39
Added Net: Name=TDO
Added Class: Name=car
