Added Component: Designator=C1(C 0805)
Added Component: Designator=C2(C 0805)
Added Component: Designator=C3(C 0805)
Added Component: Designator=C4(C 0805)
Added Component: Designator=C5(C 0805)
Added Component: Designator=C6(C 0805)
Added Component: Designator=JP1(HDR-3X2)
Added Component: Designator=JP2(IDC2.54-20P)
Added Component: Designator=LM7805(LC-TO-220(TO-220-3))
Added Component: Designator=R1(R 0805)
Added Component: Designator=R2(R 0805)
Added Component: Designator=U1(LQFP48 7X7_M)
Added Component: Designator=X1(XTAL-3X10)
Added Pin To Net: NetName=3.3V Pin=C1-2
Added Pin To Net: NetName=3.3V Pin=C2-2
Added Pin To Net: NetName=3.3V Pin=C3-2
Added Pin To Net: NetName=3.3V Pin=C4-2
Added Pin To Net: NetName=3.3V Pin=JP1-1
Added Pin To Net: NetName=3.3V Pin=JP1-2
Added Pin To Net: NetName=3.3V Pin=JP2-1
Added Pin To Net: NetName=3.3V Pin=JP2-2
Added Pin To Net: NetName=3.3V Pin=JP2-19
Added Pin To Net: NetName=3.3V Pin=U1-9
Added Pin To Net: NetName=3.3V Pin=U1-24
Added Pin To Net: NetName=3.3V Pin=U1-36
Added Pin To Net: NetName=3.3V Pin=U1-48
Added Net: Name=3.3V
Added Pin To Net: NetName=BOOT0 Pin=R1-1
Added Pin To Net: NetName=BOOT0 Pin=U1-44
Added Net: Name=BOOT0
Added Pin To Net: NetName=BOOT1 Pin=R2-2
Added Pin To Net: NetName=BOOT1 Pin=U1-20
Added Net: Name=BOOT1
Added Pin To Net: NetName=DGND Pin=C1-1
Added Pin To Net: NetName=DGND Pin=C2-1
Added Pin To Net: NetName=DGND Pin=C3-1
Added Pin To Net: NetName=DGND Pin=C4-1
Added Pin To Net: NetName=DGND Pin=C5-1
Added Pin To Net: NetName=DGND Pin=C6-1
Added Pin To Net: NetName=DGND Pin=JP1-5
Added Pin To Net: NetName=DGND Pin=JP1-6
Added Pin To Net: NetName=DGND Pin=JP2-3
Added Pin To Net: NetName=DGND Pin=JP2-4
Added Pin To Net: NetName=DGND Pin=JP2-6
Added Pin To Net: NetName=DGND Pin=JP2-8
Added Pin To Net: NetName=DGND Pin=JP2-12
Added Pin To Net: NetName=DGND Pin=JP2-18
Added Pin To Net: NetName=DGND Pin=JP2-20
Added Pin To Net: NetName=DGND Pin=U1-8
Added Pin To Net: NetName=DGND Pin=U1-23
Added Pin To Net: NetName=DGND Pin=U1-35
Added Pin To Net: NetName=DGND Pin=U1-47
Added Net: Name=DGND
Added Pin To Net: NetName=JTDI Pin=JP2-5
Added Pin To Net: NetName=JTDI Pin=U1-38
Added Net: Name=JTDI
Added Pin To Net: NetName=NetC5_2 Pin=C5-2
Added Pin To Net: NetName=NetC5_2 Pin=U1-5
Added Pin To Net: NetName=NetC5_2 Pin=X1-2
Added Net: Name=NetC5_2
Added Pin To Net: NetName=NetC6_2 Pin=C6-2
Added Pin To Net: NetName=NetC6_2 Pin=U1-6
Added Pin To Net: NetName=NetC6_2 Pin=X1-1
Added Net: Name=NetC6_2
Added Pin To Net: NetName=NetJP1_3 Pin=JP1-3
Added Pin To Net: NetName=NetJP1_3 Pin=R1-2
Added Net: Name=NetJP1_3
Added Pin To Net: NetName=NetJP1_4 Pin=JP1-4
Added Pin To Net: NetName=NetJP1_4 Pin=R2-1
Added Net: Name=NetJP1_4
Added Pin To Net: NetName=NRST Pin=JP2-15
Added Pin To Net: NetName=NRST Pin=U1-7
Added Net: Name=NRST
Added Pin To Net: NetName=SWCLK Pin=JP2-9
Added Pin To Net: NetName=SWCLK Pin=U1-37
Added Net: Name=SWCLK
Added Pin To Net: NetName=SWIO Pin=JP2-7
Added Pin To Net: NetName=SWIO Pin=U1-34
Added Net: Name=SWIO
Added Pin To Net: NetName=TDO Pin=JP2-13
Added Pin To Net: NetName=TDO Pin=U1-39
Added Net: Name=TDO
Added Class: Name=car
Added Room: Name=car
